Determining if the pthread_create exist failed with the following output:
Change Dir: /home/cloud-dev/ibnu/project4-oncampus-master/CMakeFiles/CMakeTmp

Run Build Command:"/usr/bin/make" "cmTC_f12c2/fast"
/usr/bin/make -f CMakeFiles/cmTC_f12c2.dir/build.make CMakeFiles/cmTC_f12c2.dir/build
make[1]: Entering directory '/home/cloud-dev/ibnu/project4-oncampus-master/CMakeFiles/CMakeTmp'
Building C object CMakeFiles/cmTC_f12c2.dir/CheckSymbolExists.c.o
/usr/bin/cc    -o CMakeFiles/cmTC_f12c2.dir/CheckSymbolExists.c.o   -c /home/cloud-dev/ibnu/project4-oncampus-master/CMakeFiles/CMakeTmp/CheckSymbolExists.c
Linking C executable cmTC_f12c2
/usr/bin/cmake -E cmake_link_script CMakeFiles/cmTC_f12c2.dir/link.txt --verbose=1
/usr/bin/cc      CMakeFiles/cmTC_f12c2.dir/CheckSymbolExists.c.o  -o cmTC_f12c2 
CMakeFiles/cmTC_f12c2.dir/CheckSymbolExists.c.o: In function `main':
CheckSymbolExists.c:(.text+0x1b): undefined reference to `pthread_create'
collect2: error: ld returned 1 exit status
CMakeFiles/cmTC_f12c2.dir/build.make:97: recipe for target 'cmTC_f12c2' failed
make[1]: *** [cmTC_f12c2] Error 1
make[1]: Leaving directory '/home/cloud-dev/ibnu/project4-oncampus-master/CMakeFiles/CMakeTmp'
Makefile:126: recipe for target 'cmTC_f12c2/fast' failed
make: *** [cmTC_f12c2/fast] Error 2

File /home/cloud-dev/ibnu/project4-oncampus-master/CMakeFiles/CMakeTmp/CheckSymbolExists.c:
/* */
#include <pthread.h>

int main(int argc, char** argv)
{
  (void)argv;
#ifndef pthread_create
  return ((int*)(&pthread_create))[argc];
#else
  (void)argc;
  return 0;
#endif
}

Determining if the function pthread_create exists in the pthreads failed with the following output:
Change Dir: /home/cloud-dev/ibnu/project4-oncampus-master/CMakeFiles/CMakeTmp

Run Build Command:"/usr/bin/make" "cmTC_d6c6b/fast"
/usr/bin/make -f CMakeFiles/cmTC_d6c6b.dir/build.make CMakeFiles/cmTC_d6c6b.dir/build
make[1]: Entering directory '/home/cloud-dev/ibnu/project4-oncampus-master/CMakeFiles/CMakeTmp'
Building C object CMakeFiles/cmTC_d6c6b.dir/CheckFunctionExists.c.o
/usr/bin/cc   -DCHECK_FUNCTION_EXISTS=pthread_create   -o CMakeFiles/cmTC_d6c6b.dir/CheckFunctionExists.c.o   -c /usr/share/cmake-3.10/Modules/CheckFunctionExists.c
Linking C executable cmTC_d6c6b
/usr/bin/cmake -E cmake_link_script CMakeFiles/cmTC_d6c6b.dir/link.txt --verbose=1
/usr/bin/cc  -DCHECK_FUNCTION_EXISTS=pthread_create    CMakeFiles/cmTC_d6c6b.dir/CheckFunctionExists.c.o  -o cmTC_d6c6b -lpthreads 
/usr/bin/ld: cannot find -lpthreads
collect2: error: ld returned 1 exit status
CMakeFiles/cmTC_d6c6b.dir/build.make:97: recipe for target 'cmTC_d6c6b' failed
make[1]: *** [cmTC_d6c6b] Error 1
make[1]: Leaving directory '/home/cloud-dev/ibnu/project4-oncampus-master/CMakeFiles/CMakeTmp'
Makefile:126: recipe for target 'cmTC_d6c6b/fast' failed
make: *** [cmTC_d6c6b/fast] Error 2


Performing C SOURCE FILE Test CMAKE_HAVE_LIBC_PTHREAD failed with the following output:
Change Dir: /home/cloud-dev/ibnu/project4-oncampus-master/CMakeFiles/CMakeTmp

Run Build Command(s):/usr/bin/make cmTC_d5abe/fast && /usr/bin/make  -f CMakeFiles/cmTC_d5abe.dir/build.make CMakeFiles/cmTC_d5abe.dir/build
make[1]: Entering directory '/home/cloud-dev/ibnu/project4-oncampus-master/CMakeFiles/CMakeTmp'
Building C object CMakeFiles/cmTC_d5abe.dir/src.c.o
/usr/bin/cc -DCMAKE_HAVE_LIBC_PTHREAD   -o CMakeFiles/cmTC_d5abe.dir/src.c.o -c /home/cloud-dev/ibnu/project4-oncampus-master/CMakeFiles/CMakeTmp/src.c
Linking C executable cmTC_d5abe
/home/cloud-dev/.local/bin/cmake -E cmake_link_script CMakeFiles/cmTC_d5abe.dir/link.txt --verbose=1
/usr/bin/cc CMakeFiles/cmTC_d5abe.dir/src.c.o -o cmTC_d5abe 
CMakeFiles/cmTC_d5abe.dir/src.c.o: In function `main':
src.c:(.text+0x3e): undefined reference to `pthread_create'
src.c:(.text+0x4a): undefined reference to `pthread_detach'
src.c:(.text+0x56): undefined reference to `pthread_cancel'
src.c:(.text+0x67): undefined reference to `pthread_join'
src.c:(.text+0x7b): undefined reference to `pthread_atfork'
collect2: error: ld returned 1 exit status
CMakeFiles/cmTC_d5abe.dir/build.make:105: recipe for target 'cmTC_d5abe' failed
make[1]: *** [cmTC_d5abe] Error 1
make[1]: Leaving directory '/home/cloud-dev/ibnu/project4-oncampus-master/CMakeFiles/CMakeTmp'
Makefile:140: recipe for target 'cmTC_d5abe/fast' failed
make: *** [cmTC_d5abe/fast] Error 2


Source file was:
#include <pthread.h>

static void* test_func(void* data)
{
  return data;
}

int main(void)
{
  pthread_t thread;
  pthread_create(&thread, NULL, test_func, NULL);
  pthread_detach(thread);
  pthread_cancel(thread);
  pthread_join(thread, NULL);
  pthread_atfork(NULL, NULL, NULL);
  pthread_exit(NULL);

  return 0;
}

